<?xml version="1.0" encoding="UTF-8"?>
<!-- Generated by org.testng.reporters.JUnitReportReporter -->
<testsuite hostname="DESKTOP-D57A3PS" failures="0" tests="1" name="com.wallethub.qa.testcases.FacebookLoginPageTest" time="15.434" errors="0" timestamp="09 Nov 2021 16:21:38 GMT" skipped="0">
  <testcase classname="com.wallethub.qa.testcases.FacebookLoginPageTest" name="loginTest" time="15.434"/>
</testsuite> <!-- com.wallethub.qa.testcases.FacebookLoginPageTest -->
