<?xml version="1.0" encoding="UTF-8"?>
<!-- Generated by org.testng.reporters.JUnitReportReporter -->
<testsuite hostname="DESKTOP-D57A3PS" failures="0" tests="2" name="com.wallethub.qa.testcases.TestInsuranceReview" time="102.871" errors="0" timestamp="29 Nov 2021 10:07:48 GMT" skipped="0">
  <testcase classname="com.wallethub.qa.testcases.TestInsuranceReview" name="writeReview" time="82.920"/>
  <testcase classname="com.wallethub.qa.testcases.TestInsuranceReview" name="verifyReview" time="19.951"/>
</testsuite> <!-- com.wallethub.qa.testcases.TestInsuranceReview -->
